<?xml version="1.0"?>
<testsuite name="HeadlessChrome 84.0.4147 (Linux 0.0.0)" package="" timestamp="2020-08-04T17:37:22" id="0" hostname="mauricio-HP-ProBook-440-G5" tests="2" errors="0" failures="1" time="0.21">
  <properties>
    <property name="browser.fullName" value="Mozilla/5.0 (X11; Linux x86_64) AppleWebKit/537.36 (KHTML, like Gecko) HeadlessChrome/84.0.4147.105 Safari/537.36"/>
  </properties>
  <testcase name="PeoplesListComponent should list people names" time="0.183" classname="PeoplesListComponent">
    <failure type="">Error: Expected 2 to equal 3.
    at &lt;Jasmine&gt;
    at UserContext.&lt;anonymous&gt; (http://localhost:9876/_karma_webpack_/src/app/peoples-list/peoples-list.component.spec.ts:42:23)
    at ZoneDelegate.invoke (http://localhost:9876/_karma_webpack_/node_modules/zone.js/dist/zone-evergreen.js:359:1)
    at ProxyZoneSpec.push../node_modules/zone.js/dist/zone-testing.js.ProxyZoneSpec.onInvoke (http://localhost:9876/_karma_webpack_/node_modules/zone.js/dist/zone-testing.js:308:1)
</failure>
  </testcase>
  <testcase name="PersonItemComponent should show item name" time="0.027" classname="PersonItemComponent"/>
  <system-out>
    <![CDATA[HeadlessChrome 84.0.4147 (Linux 0.0.0) LOG: 'PersonItemComponent#ngOnInit'

]]>
  </system-out>
  <system-err/>
</testsuite>